<?xml version="1.0" encoding="UTF-8"?>
<testsuite name="com.bridgelabz.selenium.BasicCommandsOfSelenium" tests="1" skipped="0" failures="0" errors="0" timestamp="2020-01-09T11:04:59" hostname="admin1-desktop" time="3.224">
  <properties/>
  <testcase name="handlingMouseAndKeyboardOperations" classname="com.bridgelabz.selenium.BasicCommandsOfSelenium" time="3.224"/>
  <system-out><![CDATA[]]></system-out>
  <system-err><![CDATA[Starting ChromeDriver 79.0.3945.36 (3582db32b33893869b8c1339e8f4d9ed1816f143-refs/branch-heads/3945@{#614}) on port 24776
Only local connections are allowed.
Please protect ports used by ChromeDriver and related test frameworks to prevent access by malicious code.
Jan 09, 2020 4:34:59 PM org.openqa.selenium.remote.ProtocolHandshake createSession
INFO: Detected dialect: W3C
]]></system-err>
</testsuite>
